ARM GAS  /tmp/ccDEhYlm.s 			page 1


   1              		.cpu cortex-m4
   2              		.eabi_attribute 27, 1
   3              		.eabi_attribute 28, 1
   4              		.eabi_attribute 20, 1
   5              		.eabi_attribute 21, 1
   6              		.eabi_attribute 23, 3
   7              		.eabi_attribute 24, 1
   8              		.eabi_attribute 25, 1
   9              		.eabi_attribute 26, 1
  10              		.eabi_attribute 30, 1
  11              		.eabi_attribute 34, 1
  12              		.eabi_attribute 18, 4
  13              		.file	"usb_otg.c"
  14              		.text
  15              	.Ltext0:
  16              		.cfi_sections	.debug_frame
  17              		.section	.text.MX_USB_OTG_FS_PCD_Init,"ax",%progbits
  18              		.align	1
  19              		.global	MX_USB_OTG_FS_PCD_Init
  20              		.arch armv7e-m
  21              		.syntax unified
  22              		.thumb
  23              		.thumb_func
  24              		.fpu fpv4-sp-d16
  26              	MX_USB_OTG_FS_PCD_Init:
  27              	.LFB724:
  28              		.file 1 "../Core/Src/usb_otg.c"
   1:../Core/Src/usb_otg.c **** /* USER CODE BEGIN Header */
   2:../Core/Src/usb_otg.c **** /**
   3:../Core/Src/usb_otg.c ****   ******************************************************************************
   4:../Core/Src/usb_otg.c ****   * @file    usb_otg.c
   5:../Core/Src/usb_otg.c ****   * @brief   This file provides code for the configuration
   6:../Core/Src/usb_otg.c ****   *          of the USB_OTG instances.
   7:../Core/Src/usb_otg.c ****   ******************************************************************************
   8:../Core/Src/usb_otg.c ****   * @attention
   9:../Core/Src/usb_otg.c ****   *
  10:../Core/Src/usb_otg.c ****   * Copyright (c) 2023 STMicroelectronics.
  11:../Core/Src/usb_otg.c ****   * All rights reserved.
  12:../Core/Src/usb_otg.c ****   *
  13:../Core/Src/usb_otg.c ****   * This software is licensed under terms that can be found in the LICENSE file
  14:../Core/Src/usb_otg.c ****   * in the root directory of this software component.
  15:../Core/Src/usb_otg.c ****   * If no LICENSE file comes with this software, it is provided AS-IS.
  16:../Core/Src/usb_otg.c ****   *
  17:../Core/Src/usb_otg.c ****   ******************************************************************************
  18:../Core/Src/usb_otg.c ****   */
  19:../Core/Src/usb_otg.c **** /* USER CODE END Header */
  20:../Core/Src/usb_otg.c **** /* Includes ------------------------------------------------------------------*/
  21:../Core/Src/usb_otg.c **** #include "usb_otg.h"
  22:../Core/Src/usb_otg.c **** 
  23:../Core/Src/usb_otg.c **** /* USER CODE BEGIN 0 */
  24:../Core/Src/usb_otg.c **** 
  25:../Core/Src/usb_otg.c **** /* USER CODE END 0 */
  26:../Core/Src/usb_otg.c **** 
  27:../Core/Src/usb_otg.c **** PCD_HandleTypeDef hpcd_USB_OTG_FS;
  28:../Core/Src/usb_otg.c **** 
  29:../Core/Src/usb_otg.c **** /* USB_OTG_FS init function */
  30:../Core/Src/usb_otg.c **** 
ARM GAS  /tmp/ccDEhYlm.s 			page 2


  31:../Core/Src/usb_otg.c **** void MX_USB_OTG_FS_PCD_Init(void)
  32:../Core/Src/usb_otg.c **** {
  29              		.loc 1 32 1 view -0
  30              		.cfi_startproc
  31              		@ args = 0, pretend = 0, frame = 0
  32              		@ frame_needed = 0, uses_anonymous_args = 0
  33 0000 08B5     		push	{r3, lr}
  34              	.LCFI0:
  35              		.cfi_def_cfa_offset 8
  36              		.cfi_offset 3, -8
  37              		.cfi_offset 14, -4
  33:../Core/Src/usb_otg.c **** 
  34:../Core/Src/usb_otg.c ****   /* USER CODE BEGIN USB_OTG_FS_Init 0 */
  35:../Core/Src/usb_otg.c **** 
  36:../Core/Src/usb_otg.c ****   /* USER CODE END USB_OTG_FS_Init 0 */
  37:../Core/Src/usb_otg.c **** 
  38:../Core/Src/usb_otg.c ****   /* USER CODE BEGIN USB_OTG_FS_Init 1 */
  39:../Core/Src/usb_otg.c **** 
  40:../Core/Src/usb_otg.c ****   /* USER CODE END USB_OTG_FS_Init 1 */
  41:../Core/Src/usb_otg.c ****   hpcd_USB_OTG_FS.Instance = USB_OTG_FS;
  38              		.loc 1 41 3 view .LVU1
  39              		.loc 1 41 28 is_stmt 0 view .LVU2
  40 0002 0C48     		ldr	r0, .L5
  41 0004 4FF0A043 		mov	r3, #1342177280
  42 0008 0360     		str	r3, [r0]
  42:../Core/Src/usb_otg.c ****   hpcd_USB_OTG_FS.Init.dev_endpoints = 6;
  43              		.loc 1 42 3 is_stmt 1 view .LVU3
  44              		.loc 1 42 38 is_stmt 0 view .LVU4
  45 000a 0623     		movs	r3, #6
  46 000c 4360     		str	r3, [r0, #4]
  43:../Core/Src/usb_otg.c ****   hpcd_USB_OTG_FS.Init.speed = PCD_SPEED_FULL;
  47              		.loc 1 43 3 is_stmt 1 view .LVU5
  48              		.loc 1 43 30 is_stmt 0 view .LVU6
  49 000e 0223     		movs	r3, #2
  50 0010 C360     		str	r3, [r0, #12]
  44:../Core/Src/usb_otg.c ****   hpcd_USB_OTG_FS.Init.phy_itface = PCD_PHY_EMBEDDED;
  51              		.loc 1 44 3 is_stmt 1 view .LVU7
  52              		.loc 1 44 35 is_stmt 0 view .LVU8
  53 0012 8361     		str	r3, [r0, #24]
  45:../Core/Src/usb_otg.c ****   hpcd_USB_OTG_FS.Init.Sof_enable = ENABLE;
  54              		.loc 1 45 3 is_stmt 1 view .LVU9
  55              		.loc 1 45 35 is_stmt 0 view .LVU10
  56 0014 0123     		movs	r3, #1
  57 0016 C361     		str	r3, [r0, #28]
  46:../Core/Src/usb_otg.c ****   hpcd_USB_OTG_FS.Init.low_power_enable = DISABLE;
  58              		.loc 1 46 3 is_stmt 1 view .LVU11
  59              		.loc 1 46 41 is_stmt 0 view .LVU12
  60 0018 0022     		movs	r2, #0
  61 001a 0262     		str	r2, [r0, #32]
  47:../Core/Src/usb_otg.c ****   hpcd_USB_OTG_FS.Init.lpm_enable = DISABLE;
  62              		.loc 1 47 3 is_stmt 1 view .LVU13
  63              		.loc 1 47 35 is_stmt 0 view .LVU14
  64 001c 4262     		str	r2, [r0, #36]
  48:../Core/Src/usb_otg.c ****   hpcd_USB_OTG_FS.Init.battery_charging_enable = ENABLE;
  65              		.loc 1 48 3 is_stmt 1 view .LVU15
  66              		.loc 1 48 48 is_stmt 0 view .LVU16
  67 001e 8362     		str	r3, [r0, #40]
ARM GAS  /tmp/ccDEhYlm.s 			page 3


  49:../Core/Src/usb_otg.c ****   hpcd_USB_OTG_FS.Init.use_dedicated_ep1 = DISABLE;
  68              		.loc 1 49 3 is_stmt 1 view .LVU17
  69              		.loc 1 49 42 is_stmt 0 view .LVU18
  70 0020 0263     		str	r2, [r0, #48]
  50:../Core/Src/usb_otg.c ****   hpcd_USB_OTG_FS.Init.vbus_sensing_enable = ENABLE;
  71              		.loc 1 50 3 is_stmt 1 view .LVU19
  72              		.loc 1 50 44 is_stmt 0 view .LVU20
  73 0022 C362     		str	r3, [r0, #44]
  51:../Core/Src/usb_otg.c ****   if (HAL_PCD_Init(&hpcd_USB_OTG_FS) != HAL_OK)
  74              		.loc 1 51 3 is_stmt 1 view .LVU21
  75              		.loc 1 51 7 is_stmt 0 view .LVU22
  76 0024 FFF7FEFF 		bl	HAL_PCD_Init
  77              	.LVL0:
  78              		.loc 1 51 6 view .LVU23
  79 0028 00B9     		cbnz	r0, .L4
  80              	.L1:
  52:../Core/Src/usb_otg.c ****   {
  53:../Core/Src/usb_otg.c ****     Error_Handler();
  54:../Core/Src/usb_otg.c ****   }
  55:../Core/Src/usb_otg.c ****   /* USER CODE BEGIN USB_OTG_FS_Init 2 */
  56:../Core/Src/usb_otg.c **** 
  57:../Core/Src/usb_otg.c ****   /* USER CODE END USB_OTG_FS_Init 2 */
  58:../Core/Src/usb_otg.c **** 
  59:../Core/Src/usb_otg.c **** }
  81              		.loc 1 59 1 view .LVU24
  82 002a 08BD     		pop	{r3, pc}
  83              	.L4:
  53:../Core/Src/usb_otg.c ****   }
  84              		.loc 1 53 5 is_stmt 1 view .LVU25
  85 002c FFF7FEFF 		bl	Error_Handler
  86              	.LVL1:
  87              		.loc 1 59 1 is_stmt 0 view .LVU26
  88 0030 FBE7     		b	.L1
  89              	.L6:
  90 0032 00BF     		.align	2
  91              	.L5:
  92 0034 00000000 		.word	.LANCHOR0
  93              		.cfi_endproc
  94              	.LFE724:
  96              		.section	.text.HAL_PCD_MspInit,"ax",%progbits
  97              		.align	1
  98              		.global	HAL_PCD_MspInit
  99              		.syntax unified
 100              		.thumb
 101              		.thumb_func
 102              		.fpu fpv4-sp-d16
 104              	HAL_PCD_MspInit:
 105              	.LVL2:
 106              	.LFB725:
  60:../Core/Src/usb_otg.c **** 
  61:../Core/Src/usb_otg.c **** void HAL_PCD_MspInit(PCD_HandleTypeDef* pcdHandle)
  62:../Core/Src/usb_otg.c **** {
 107              		.loc 1 62 1 is_stmt 1 view -0
 108              		.cfi_startproc
 109              		@ args = 0, pretend = 0, frame = 176
 110              		@ frame_needed = 0, uses_anonymous_args = 0
 111              		.loc 1 62 1 is_stmt 0 view .LVU28
ARM GAS  /tmp/ccDEhYlm.s 			page 4


 112 0000 30B5     		push	{r4, r5, lr}
 113              	.LCFI1:
 114              		.cfi_def_cfa_offset 12
 115              		.cfi_offset 4, -12
 116              		.cfi_offset 5, -8
 117              		.cfi_offset 14, -4
 118 0002 ADB0     		sub	sp, sp, #180
 119              	.LCFI2:
 120              		.cfi_def_cfa_offset 192
 121 0004 0446     		mov	r4, r0
  63:../Core/Src/usb_otg.c **** 
  64:../Core/Src/usb_otg.c ****   GPIO_InitTypeDef GPIO_InitStruct = {0};
 122              		.loc 1 64 3 is_stmt 1 view .LVU29
 123              		.loc 1 64 20 is_stmt 0 view .LVU30
 124 0006 0021     		movs	r1, #0
 125 0008 2791     		str	r1, [sp, #156]
 126 000a 2891     		str	r1, [sp, #160]
 127 000c 2991     		str	r1, [sp, #164]
 128 000e 2A91     		str	r1, [sp, #168]
 129 0010 2B91     		str	r1, [sp, #172]
  65:../Core/Src/usb_otg.c ****   RCC_PeriphCLKInitTypeDef PeriphClkInit = {0};
 130              		.loc 1 65 3 is_stmt 1 view .LVU31
 131              		.loc 1 65 28 is_stmt 0 view .LVU32
 132 0012 8C22     		movs	r2, #140
 133 0014 04A8     		add	r0, sp, #16
 134              	.LVL3:
 135              		.loc 1 65 28 view .LVU33
 136 0016 FFF7FEFF 		bl	memset
 137              	.LVL4:
  66:../Core/Src/usb_otg.c ****   if(pcdHandle->Instance==USB_OTG_FS)
 138              		.loc 1 66 3 is_stmt 1 view .LVU34
 139              		.loc 1 66 15 is_stmt 0 view .LVU35
 140 001a 2368     		ldr	r3, [r4]
 141              		.loc 1 66 5 view .LVU36
 142 001c B3F1A04F 		cmp	r3, #1342177280
 143 0020 01D0     		beq	.L12
 144              	.LVL5:
 145              	.L7:
  67:../Core/Src/usb_otg.c ****   {
  68:../Core/Src/usb_otg.c ****   /* USER CODE BEGIN USB_OTG_FS_MspInit 0 */
  69:../Core/Src/usb_otg.c **** 
  70:../Core/Src/usb_otg.c ****   /* USER CODE END USB_OTG_FS_MspInit 0 */
  71:../Core/Src/usb_otg.c **** 
  72:../Core/Src/usb_otg.c ****   /** Initializes the peripherals clock
  73:../Core/Src/usb_otg.c ****   */
  74:../Core/Src/usb_otg.c ****     PeriphClkInit.PeriphClockSelection = RCC_PERIPHCLK_USB;
  75:../Core/Src/usb_otg.c ****     PeriphClkInit.UsbClockSelection = RCC_USBCLKSOURCE_PLLSAI1;
  76:../Core/Src/usb_otg.c ****     PeriphClkInit.PLLSAI1.PLLSAI1Source = RCC_PLLSOURCE_MSI;
  77:../Core/Src/usb_otg.c ****     PeriphClkInit.PLLSAI1.PLLSAI1M = 1;
  78:../Core/Src/usb_otg.c ****     PeriphClkInit.PLLSAI1.PLLSAI1N = 24;
  79:../Core/Src/usb_otg.c ****     PeriphClkInit.PLLSAI1.PLLSAI1P = RCC_PLLP_DIV2;
  80:../Core/Src/usb_otg.c ****     PeriphClkInit.PLLSAI1.PLLSAI1Q = RCC_PLLQ_DIV2;
  81:../Core/Src/usb_otg.c ****     PeriphClkInit.PLLSAI1.PLLSAI1R = RCC_PLLR_DIV2;
  82:../Core/Src/usb_otg.c ****     PeriphClkInit.PLLSAI1.PLLSAI1ClockOut = RCC_PLLSAI1_48M2CLK;
  83:../Core/Src/usb_otg.c ****     if (HAL_RCCEx_PeriphCLKConfig(&PeriphClkInit) != HAL_OK)
  84:../Core/Src/usb_otg.c ****     {
  85:../Core/Src/usb_otg.c ****       Error_Handler();
ARM GAS  /tmp/ccDEhYlm.s 			page 5


  86:../Core/Src/usb_otg.c ****     }
  87:../Core/Src/usb_otg.c **** 
  88:../Core/Src/usb_otg.c ****     __HAL_RCC_GPIOA_CLK_ENABLE();
  89:../Core/Src/usb_otg.c ****     /**USB_OTG_FS GPIO Configuration
  90:../Core/Src/usb_otg.c ****     PA8     ------> USB_OTG_FS_SOF
  91:../Core/Src/usb_otg.c ****     PA9     ------> USB_OTG_FS_VBUS
  92:../Core/Src/usb_otg.c ****     PA10     ------> USB_OTG_FS_ID
  93:../Core/Src/usb_otg.c ****     PA11     ------> USB_OTG_FS_DM
  94:../Core/Src/usb_otg.c ****     PA12     ------> USB_OTG_FS_DP
  95:../Core/Src/usb_otg.c ****     */
  96:../Core/Src/usb_otg.c ****     GPIO_InitStruct.Pin = GPIO_PIN_8|GPIO_PIN_10|GPIO_PIN_11|GPIO_PIN_12;
  97:../Core/Src/usb_otg.c ****     GPIO_InitStruct.Mode = GPIO_MODE_AF_PP;
  98:../Core/Src/usb_otg.c ****     GPIO_InitStruct.Pull = GPIO_NOPULL;
  99:../Core/Src/usb_otg.c ****     GPIO_InitStruct.Speed = GPIO_SPEED_FREQ_VERY_HIGH;
 100:../Core/Src/usb_otg.c ****     GPIO_InitStruct.Alternate = GPIO_AF10_OTG_FS;
 101:../Core/Src/usb_otg.c ****     HAL_GPIO_Init(GPIOA, &GPIO_InitStruct);
 102:../Core/Src/usb_otg.c **** 
 103:../Core/Src/usb_otg.c ****     GPIO_InitStruct.Pin = GPIO_PIN_9;
 104:../Core/Src/usb_otg.c ****     GPIO_InitStruct.Mode = GPIO_MODE_INPUT;
 105:../Core/Src/usb_otg.c ****     GPIO_InitStruct.Pull = GPIO_NOPULL;
 106:../Core/Src/usb_otg.c ****     HAL_GPIO_Init(GPIOA, &GPIO_InitStruct);
 107:../Core/Src/usb_otg.c **** 
 108:../Core/Src/usb_otg.c ****     /* USB_OTG_FS clock enable */
 109:../Core/Src/usb_otg.c ****     __HAL_RCC_USB_OTG_FS_CLK_ENABLE();
 110:../Core/Src/usb_otg.c **** 
 111:../Core/Src/usb_otg.c ****     /* Enable VDDUSB */
 112:../Core/Src/usb_otg.c ****     if(__HAL_RCC_PWR_IS_CLK_DISABLED())
 113:../Core/Src/usb_otg.c ****     {
 114:../Core/Src/usb_otg.c ****       __HAL_RCC_PWR_CLK_ENABLE();
 115:../Core/Src/usb_otg.c ****       HAL_PWREx_EnableVddUSB();
 116:../Core/Src/usb_otg.c ****       __HAL_RCC_PWR_CLK_DISABLE();
 117:../Core/Src/usb_otg.c ****     }
 118:../Core/Src/usb_otg.c ****     else
 119:../Core/Src/usb_otg.c ****     {
 120:../Core/Src/usb_otg.c ****       HAL_PWREx_EnableVddUSB();
 121:../Core/Src/usb_otg.c ****     }
 122:../Core/Src/usb_otg.c ****   /* USER CODE BEGIN USB_OTG_FS_MspInit 1 */
 123:../Core/Src/usb_otg.c **** 
 124:../Core/Src/usb_otg.c ****   /* USER CODE END USB_OTG_FS_MspInit 1 */
 125:../Core/Src/usb_otg.c ****   }
 126:../Core/Src/usb_otg.c **** }
 146              		.loc 1 126 1 view .LVU37
 147 0022 2DB0     		add	sp, sp, #180
 148              	.LCFI3:
 149              		.cfi_remember_state
 150              		.cfi_def_cfa_offset 12
 151              		@ sp needed
 152 0024 30BD     		pop	{r4, r5, pc}
 153              	.LVL6:
 154              	.L12:
 155              	.LCFI4:
 156              		.cfi_restore_state
  74:../Core/Src/usb_otg.c ****     PeriphClkInit.UsbClockSelection = RCC_USBCLKSOURCE_PLLSAI1;
 157              		.loc 1 74 5 is_stmt 1 view .LVU38
  74:../Core/Src/usb_otg.c ****     PeriphClkInit.UsbClockSelection = RCC_USBCLKSOURCE_PLLSAI1;
 158              		.loc 1 74 40 is_stmt 0 view .LVU39
 159 0026 4FF40053 		mov	r3, #8192
ARM GAS  /tmp/ccDEhYlm.s 			page 6


 160 002a 0493     		str	r3, [sp, #16]
  75:../Core/Src/usb_otg.c ****     PeriphClkInit.PLLSAI1.PLLSAI1Source = RCC_PLLSOURCE_MSI;
 161              		.loc 1 75 5 is_stmt 1 view .LVU40
  75:../Core/Src/usb_otg.c ****     PeriphClkInit.PLLSAI1.PLLSAI1Source = RCC_PLLSOURCE_MSI;
 162              		.loc 1 75 37 is_stmt 0 view .LVU41
 163 002c 4FF08063 		mov	r3, #67108864
 164 0030 2093     		str	r3, [sp, #128]
  76:../Core/Src/usb_otg.c ****     PeriphClkInit.PLLSAI1.PLLSAI1M = 1;
 165              		.loc 1 76 5 is_stmt 1 view .LVU42
  76:../Core/Src/usb_otg.c ****     PeriphClkInit.PLLSAI1.PLLSAI1M = 1;
 166              		.loc 1 76 41 is_stmt 0 view .LVU43
 167 0032 0123     		movs	r3, #1
 168 0034 0593     		str	r3, [sp, #20]
  77:../Core/Src/usb_otg.c ****     PeriphClkInit.PLLSAI1.PLLSAI1N = 24;
 169              		.loc 1 77 5 is_stmt 1 view .LVU44
  77:../Core/Src/usb_otg.c ****     PeriphClkInit.PLLSAI1.PLLSAI1N = 24;
 170              		.loc 1 77 36 is_stmt 0 view .LVU45
 171 0036 0693     		str	r3, [sp, #24]
  78:../Core/Src/usb_otg.c ****     PeriphClkInit.PLLSAI1.PLLSAI1P = RCC_PLLP_DIV2;
 172              		.loc 1 78 5 is_stmt 1 view .LVU46
  78:../Core/Src/usb_otg.c ****     PeriphClkInit.PLLSAI1.PLLSAI1P = RCC_PLLP_DIV2;
 173              		.loc 1 78 36 is_stmt 0 view .LVU47
 174 0038 1823     		movs	r3, #24
 175 003a 0793     		str	r3, [sp, #28]
  79:../Core/Src/usb_otg.c ****     PeriphClkInit.PLLSAI1.PLLSAI1Q = RCC_PLLQ_DIV2;
 176              		.loc 1 79 5 is_stmt 1 view .LVU48
  79:../Core/Src/usb_otg.c ****     PeriphClkInit.PLLSAI1.PLLSAI1Q = RCC_PLLQ_DIV2;
 177              		.loc 1 79 36 is_stmt 0 view .LVU49
 178 003c 0223     		movs	r3, #2
 179 003e 0893     		str	r3, [sp, #32]
  80:../Core/Src/usb_otg.c ****     PeriphClkInit.PLLSAI1.PLLSAI1R = RCC_PLLR_DIV2;
 180              		.loc 1 80 5 is_stmt 1 view .LVU50
  80:../Core/Src/usb_otg.c ****     PeriphClkInit.PLLSAI1.PLLSAI1R = RCC_PLLR_DIV2;
 181              		.loc 1 80 36 is_stmt 0 view .LVU51
 182 0040 0993     		str	r3, [sp, #36]
  81:../Core/Src/usb_otg.c ****     PeriphClkInit.PLLSAI1.PLLSAI1ClockOut = RCC_PLLSAI1_48M2CLK;
 183              		.loc 1 81 5 is_stmt 1 view .LVU52
  81:../Core/Src/usb_otg.c ****     PeriphClkInit.PLLSAI1.PLLSAI1ClockOut = RCC_PLLSAI1_48M2CLK;
 184              		.loc 1 81 36 is_stmt 0 view .LVU53
 185 0042 0A93     		str	r3, [sp, #40]
  82:../Core/Src/usb_otg.c ****     if (HAL_RCCEx_PeriphCLKConfig(&PeriphClkInit) != HAL_OK)
 186              		.loc 1 82 5 is_stmt 1 view .LVU54
  82:../Core/Src/usb_otg.c ****     if (HAL_RCCEx_PeriphCLKConfig(&PeriphClkInit) != HAL_OK)
 187              		.loc 1 82 43 is_stmt 0 view .LVU55
 188 0044 4FF48013 		mov	r3, #1048576
 189 0048 0B93     		str	r3, [sp, #44]
  83:../Core/Src/usb_otg.c ****     {
 190              		.loc 1 83 5 is_stmt 1 view .LVU56
  83:../Core/Src/usb_otg.c ****     {
 191              		.loc 1 83 9 is_stmt 0 view .LVU57
 192 004a 04A8     		add	r0, sp, #16
 193 004c FFF7FEFF 		bl	HAL_RCCEx_PeriphCLKConfig
 194              	.LVL7:
  83:../Core/Src/usb_otg.c ****     {
 195              		.loc 1 83 8 view .LVU58
 196 0050 0028     		cmp	r0, #0
 197 0052 40D1     		bne	.L13
ARM GAS  /tmp/ccDEhYlm.s 			page 7


 198              	.L9:
  88:../Core/Src/usb_otg.c ****     /**USB_OTG_FS GPIO Configuration
 199              		.loc 1 88 5 is_stmt 1 view .LVU59
 200              	.LBB2:
  88:../Core/Src/usb_otg.c ****     /**USB_OTG_FS GPIO Configuration
 201              		.loc 1 88 5 view .LVU60
  88:../Core/Src/usb_otg.c ****     /**USB_OTG_FS GPIO Configuration
 202              		.loc 1 88 5 view .LVU61
 203 0054 234C     		ldr	r4, .L14
 204              	.LVL8:
  88:../Core/Src/usb_otg.c ****     /**USB_OTG_FS GPIO Configuration
 205              		.loc 1 88 5 is_stmt 0 view .LVU62
 206 0056 E36C     		ldr	r3, [r4, #76]
 207 0058 43F00103 		orr	r3, r3, #1
 208 005c E364     		str	r3, [r4, #76]
  88:../Core/Src/usb_otg.c ****     /**USB_OTG_FS GPIO Configuration
 209              		.loc 1 88 5 is_stmt 1 view .LVU63
 210 005e E36C     		ldr	r3, [r4, #76]
 211 0060 03F00103 		and	r3, r3, #1
 212 0064 0193     		str	r3, [sp, #4]
  88:../Core/Src/usb_otg.c ****     /**USB_OTG_FS GPIO Configuration
 213              		.loc 1 88 5 view .LVU64
 214 0066 019B     		ldr	r3, [sp, #4]
 215              	.LBE2:
  88:../Core/Src/usb_otg.c ****     /**USB_OTG_FS GPIO Configuration
 216              		.loc 1 88 5 view .LVU65
  96:../Core/Src/usb_otg.c ****     GPIO_InitStruct.Mode = GPIO_MODE_AF_PP;
 217              		.loc 1 96 5 view .LVU66
  96:../Core/Src/usb_otg.c ****     GPIO_InitStruct.Mode = GPIO_MODE_AF_PP;
 218              		.loc 1 96 25 is_stmt 0 view .LVU67
 219 0068 4FF4E853 		mov	r3, #7424
 220 006c 2793     		str	r3, [sp, #156]
  97:../Core/Src/usb_otg.c ****     GPIO_InitStruct.Pull = GPIO_NOPULL;
 221              		.loc 1 97 5 is_stmt 1 view .LVU68
  97:../Core/Src/usb_otg.c ****     GPIO_InitStruct.Pull = GPIO_NOPULL;
 222              		.loc 1 97 26 is_stmt 0 view .LVU69
 223 006e 0223     		movs	r3, #2
 224 0070 2893     		str	r3, [sp, #160]
  98:../Core/Src/usb_otg.c ****     GPIO_InitStruct.Speed = GPIO_SPEED_FREQ_VERY_HIGH;
 225              		.loc 1 98 5 is_stmt 1 view .LVU70
  98:../Core/Src/usb_otg.c ****     GPIO_InitStruct.Speed = GPIO_SPEED_FREQ_VERY_HIGH;
 226              		.loc 1 98 26 is_stmt 0 view .LVU71
 227 0072 0025     		movs	r5, #0
 228 0074 2995     		str	r5, [sp, #164]
  99:../Core/Src/usb_otg.c ****     GPIO_InitStruct.Alternate = GPIO_AF10_OTG_FS;
 229              		.loc 1 99 5 is_stmt 1 view .LVU72
  99:../Core/Src/usb_otg.c ****     GPIO_InitStruct.Alternate = GPIO_AF10_OTG_FS;
 230              		.loc 1 99 27 is_stmt 0 view .LVU73
 231 0076 0323     		movs	r3, #3
 232 0078 2A93     		str	r3, [sp, #168]
 100:../Core/Src/usb_otg.c ****     HAL_GPIO_Init(GPIOA, &GPIO_InitStruct);
 233              		.loc 1 100 5 is_stmt 1 view .LVU74
 100:../Core/Src/usb_otg.c ****     HAL_GPIO_Init(GPIOA, &GPIO_InitStruct);
 234              		.loc 1 100 31 is_stmt 0 view .LVU75
 235 007a 0A23     		movs	r3, #10
 236 007c 2B93     		str	r3, [sp, #172]
 101:../Core/Src/usb_otg.c **** 
ARM GAS  /tmp/ccDEhYlm.s 			page 8


 237              		.loc 1 101 5 is_stmt 1 view .LVU76
 238 007e 27A9     		add	r1, sp, #156
 239 0080 4FF09040 		mov	r0, #1207959552
 240 0084 FFF7FEFF 		bl	HAL_GPIO_Init
 241              	.LVL9:
 103:../Core/Src/usb_otg.c ****     GPIO_InitStruct.Mode = GPIO_MODE_INPUT;
 242              		.loc 1 103 5 view .LVU77
 103:../Core/Src/usb_otg.c ****     GPIO_InitStruct.Mode = GPIO_MODE_INPUT;
 243              		.loc 1 103 25 is_stmt 0 view .LVU78
 244 0088 4FF40073 		mov	r3, #512
 245 008c 2793     		str	r3, [sp, #156]
 104:../Core/Src/usb_otg.c ****     GPIO_InitStruct.Pull = GPIO_NOPULL;
 246              		.loc 1 104 5 is_stmt 1 view .LVU79
 104:../Core/Src/usb_otg.c ****     GPIO_InitStruct.Pull = GPIO_NOPULL;
 247              		.loc 1 104 26 is_stmt 0 view .LVU80
 248 008e 2895     		str	r5, [sp, #160]
 105:../Core/Src/usb_otg.c ****     HAL_GPIO_Init(GPIOA, &GPIO_InitStruct);
 249              		.loc 1 105 5 is_stmt 1 view .LVU81
 105:../Core/Src/usb_otg.c ****     HAL_GPIO_Init(GPIOA, &GPIO_InitStruct);
 250              		.loc 1 105 26 is_stmt 0 view .LVU82
 251 0090 2995     		str	r5, [sp, #164]
 106:../Core/Src/usb_otg.c **** 
 252              		.loc 1 106 5 is_stmt 1 view .LVU83
 253 0092 27A9     		add	r1, sp, #156
 254 0094 4FF09040 		mov	r0, #1207959552
 255 0098 FFF7FEFF 		bl	HAL_GPIO_Init
 256              	.LVL10:
 109:../Core/Src/usb_otg.c **** 
 257              		.loc 1 109 5 view .LVU84
 258              	.LBB3:
 109:../Core/Src/usb_otg.c **** 
 259              		.loc 1 109 5 view .LVU85
 109:../Core/Src/usb_otg.c **** 
 260              		.loc 1 109 5 view .LVU86
 261 009c E36C     		ldr	r3, [r4, #76]
 262 009e 43F48053 		orr	r3, r3, #4096
 263 00a2 E364     		str	r3, [r4, #76]
 109:../Core/Src/usb_otg.c **** 
 264              		.loc 1 109 5 view .LVU87
 265 00a4 E36C     		ldr	r3, [r4, #76]
 266 00a6 03F48053 		and	r3, r3, #4096
 267 00aa 0293     		str	r3, [sp, #8]
 109:../Core/Src/usb_otg.c **** 
 268              		.loc 1 109 5 view .LVU88
 269 00ac 029B     		ldr	r3, [sp, #8]
 270              	.LBE3:
 109:../Core/Src/usb_otg.c **** 
 271              		.loc 1 109 5 view .LVU89
 112:../Core/Src/usb_otg.c ****     {
 272              		.loc 1 112 5 view .LVU90
 112:../Core/Src/usb_otg.c ****     {
 273              		.loc 1 112 8 is_stmt 0 view .LVU91
 274 00ae A36D     		ldr	r3, [r4, #88]
 112:../Core/Src/usb_otg.c ****     {
 275              		.loc 1 112 7 view .LVU92
 276 00b0 13F0805F 		tst	r3, #268435456
 277 00b4 12D1     		bne	.L10
ARM GAS  /tmp/ccDEhYlm.s 			page 9


 114:../Core/Src/usb_otg.c ****       HAL_PWREx_EnableVddUSB();
 278              		.loc 1 114 7 is_stmt 1 view .LVU93
 279              	.LBB4:
 114:../Core/Src/usb_otg.c ****       HAL_PWREx_EnableVddUSB();
 280              		.loc 1 114 7 view .LVU94
 114:../Core/Src/usb_otg.c ****       HAL_PWREx_EnableVddUSB();
 281              		.loc 1 114 7 view .LVU95
 282 00b6 A36D     		ldr	r3, [r4, #88]
 283 00b8 43F08053 		orr	r3, r3, #268435456
 284 00bc A365     		str	r3, [r4, #88]
 114:../Core/Src/usb_otg.c ****       HAL_PWREx_EnableVddUSB();
 285              		.loc 1 114 7 view .LVU96
 286 00be A36D     		ldr	r3, [r4, #88]
 287 00c0 03F08053 		and	r3, r3, #268435456
 288 00c4 0393     		str	r3, [sp, #12]
 114:../Core/Src/usb_otg.c ****       HAL_PWREx_EnableVddUSB();
 289              		.loc 1 114 7 view .LVU97
 290 00c6 039B     		ldr	r3, [sp, #12]
 291              	.LBE4:
 114:../Core/Src/usb_otg.c ****       HAL_PWREx_EnableVddUSB();
 292              		.loc 1 114 7 view .LVU98
 115:../Core/Src/usb_otg.c ****       __HAL_RCC_PWR_CLK_DISABLE();
 293              		.loc 1 115 7 view .LVU99
 294 00c8 FFF7FEFF 		bl	HAL_PWREx_EnableVddUSB
 295              	.LVL11:
 116:../Core/Src/usb_otg.c ****     }
 296              		.loc 1 116 7 view .LVU100
 297 00cc A36D     		ldr	r3, [r4, #88]
 298 00ce 23F08053 		bic	r3, r3, #268435456
 299 00d2 A365     		str	r3, [r4, #88]
 300 00d4 A5E7     		b	.L7
 301              	.LVL12:
 302              	.L13:
  85:../Core/Src/usb_otg.c ****     }
 303              		.loc 1 85 7 view .LVU101
 304 00d6 FFF7FEFF 		bl	Error_Handler
 305              	.LVL13:
 306 00da BBE7     		b	.L9
 307              	.LVL14:
 308              	.L10:
 120:../Core/Src/usb_otg.c ****     }
 309              		.loc 1 120 7 view .LVU102
 310 00dc FFF7FEFF 		bl	HAL_PWREx_EnableVddUSB
 311              	.LVL15:
 312              		.loc 1 126 1 is_stmt 0 view .LVU103
 313 00e0 9FE7     		b	.L7
 314              	.L15:
 315 00e2 00BF     		.align	2
 316              	.L14:
 317 00e4 00100240 		.word	1073876992
 318              		.cfi_endproc
 319              	.LFE725:
 321              		.section	.text.HAL_PCD_MspDeInit,"ax",%progbits
 322              		.align	1
 323              		.global	HAL_PCD_MspDeInit
 324              		.syntax unified
 325              		.thumb
ARM GAS  /tmp/ccDEhYlm.s 			page 10


 326              		.thumb_func
 327              		.fpu fpv4-sp-d16
 329              	HAL_PCD_MspDeInit:
 330              	.LVL16:
 331              	.LFB726:
 127:../Core/Src/usb_otg.c **** 
 128:../Core/Src/usb_otg.c **** void HAL_PCD_MspDeInit(PCD_HandleTypeDef* pcdHandle)
 129:../Core/Src/usb_otg.c **** {
 332              		.loc 1 129 1 is_stmt 1 view -0
 333              		.cfi_startproc
 334              		@ args = 0, pretend = 0, frame = 8
 335              		@ frame_needed = 0, uses_anonymous_args = 0
 130:../Core/Src/usb_otg.c **** 
 131:../Core/Src/usb_otg.c ****   if(pcdHandle->Instance==USB_OTG_FS)
 336              		.loc 1 131 3 view .LVU105
 337              		.loc 1 131 15 is_stmt 0 view .LVU106
 338 0000 0368     		ldr	r3, [r0]
 339              		.loc 1 131 5 view .LVU107
 340 0002 B3F1A04F 		cmp	r3, #1342177280
 341 0006 00D0     		beq	.L23
 342 0008 7047     		bx	lr
 343              	.L23:
 129:../Core/Src/usb_otg.c **** 
 344              		.loc 1 129 1 view .LVU108
 345 000a 10B5     		push	{r4, lr}
 346              	.LCFI5:
 347              		.cfi_def_cfa_offset 8
 348              		.cfi_offset 4, -8
 349              		.cfi_offset 14, -4
 350 000c 82B0     		sub	sp, sp, #8
 351              	.LCFI6:
 352              		.cfi_def_cfa_offset 16
 132:../Core/Src/usb_otg.c ****   {
 133:../Core/Src/usb_otg.c ****   /* USER CODE BEGIN USB_OTG_FS_MspDeInit 0 */
 134:../Core/Src/usb_otg.c **** 
 135:../Core/Src/usb_otg.c ****   /* USER CODE END USB_OTG_FS_MspDeInit 0 */
 136:../Core/Src/usb_otg.c ****     /* Peripheral clock disable */
 137:../Core/Src/usb_otg.c ****     __HAL_RCC_USB_OTG_FS_CLK_DISABLE();
 353              		.loc 1 137 5 is_stmt 1 view .LVU109
 354 000e 114C     		ldr	r4, .L24
 355 0010 E36C     		ldr	r3, [r4, #76]
 356 0012 23F48053 		bic	r3, r3, #4096
 357 0016 E364     		str	r3, [r4, #76]
 358              		.loc 1 137 39 view .LVU110
 138:../Core/Src/usb_otg.c **** 
 139:../Core/Src/usb_otg.c ****     /**USB_OTG_FS GPIO Configuration
 140:../Core/Src/usb_otg.c ****     PA8     ------> USB_OTG_FS_SOF
 141:../Core/Src/usb_otg.c ****     PA9     ------> USB_OTG_FS_VBUS
 142:../Core/Src/usb_otg.c ****     PA10     ------> USB_OTG_FS_ID
 143:../Core/Src/usb_otg.c ****     PA11     ------> USB_OTG_FS_DM
 144:../Core/Src/usb_otg.c ****     PA12     ------> USB_OTG_FS_DP
 145:../Core/Src/usb_otg.c ****     */
 146:../Core/Src/usb_otg.c ****     HAL_GPIO_DeInit(GPIOA, GPIO_PIN_8|GPIO_PIN_9|GPIO_PIN_10|GPIO_PIN_11
 359              		.loc 1 146 5 view .LVU111
 360 0018 4FF4F851 		mov	r1, #7936
 361 001c 4FF09040 		mov	r0, #1207959552
 362              	.LVL17:
ARM GAS  /tmp/ccDEhYlm.s 			page 11


 363              		.loc 1 146 5 is_stmt 0 view .LVU112
 364 0020 FFF7FEFF 		bl	HAL_GPIO_DeInit
 365              	.LVL18:
 147:../Core/Src/usb_otg.c ****                           |GPIO_PIN_12);
 148:../Core/Src/usb_otg.c **** 
 149:../Core/Src/usb_otg.c ****     /* Disable VDDUSB */
 150:../Core/Src/usb_otg.c ****     if(__HAL_RCC_PWR_IS_CLK_DISABLED())
 366              		.loc 1 150 5 is_stmt 1 view .LVU113
 367              		.loc 1 150 8 is_stmt 0 view .LVU114
 368 0024 A36D     		ldr	r3, [r4, #88]
 369              		.loc 1 150 7 view .LVU115
 370 0026 13F0805F 		tst	r3, #268435456
 371 002a 10D1     		bne	.L18
 151:../Core/Src/usb_otg.c ****     {
 152:../Core/Src/usb_otg.c ****       __HAL_RCC_PWR_CLK_ENABLE();
 372              		.loc 1 152 7 is_stmt 1 view .LVU116
 373              	.LBB5:
 374              		.loc 1 152 7 view .LVU117
 375              		.loc 1 152 7 view .LVU118
 376 002c A36D     		ldr	r3, [r4, #88]
 377 002e 43F08053 		orr	r3, r3, #268435456
 378 0032 A365     		str	r3, [r4, #88]
 379              		.loc 1 152 7 view .LVU119
 380 0034 A36D     		ldr	r3, [r4, #88]
 381 0036 03F08053 		and	r3, r3, #268435456
 382 003a 0193     		str	r3, [sp, #4]
 383              		.loc 1 152 7 view .LVU120
 384 003c 019B     		ldr	r3, [sp, #4]
 385              	.LBE5:
 386              		.loc 1 152 7 view .LVU121
 153:../Core/Src/usb_otg.c ****       HAL_PWREx_DisableVddUSB();
 387              		.loc 1 153 7 view .LVU122
 388 003e FFF7FEFF 		bl	HAL_PWREx_DisableVddUSB
 389              	.LVL19:
 154:../Core/Src/usb_otg.c ****       __HAL_RCC_PWR_CLK_DISABLE();
 390              		.loc 1 154 7 view .LVU123
 391 0042 A36D     		ldr	r3, [r4, #88]
 392 0044 23F08053 		bic	r3, r3, #268435456
 393 0048 A365     		str	r3, [r4, #88]
 394              	.L16:
 155:../Core/Src/usb_otg.c ****     }
 156:../Core/Src/usb_otg.c ****     else
 157:../Core/Src/usb_otg.c ****     {
 158:../Core/Src/usb_otg.c ****       HAL_PWREx_DisableVddUSB();
 159:../Core/Src/usb_otg.c ****     }
 160:../Core/Src/usb_otg.c ****   /* USER CODE BEGIN USB_OTG_FS_MspDeInit 1 */
 161:../Core/Src/usb_otg.c **** 
 162:../Core/Src/usb_otg.c ****   /* USER CODE END USB_OTG_FS_MspDeInit 1 */
 163:../Core/Src/usb_otg.c ****   }
 164:../Core/Src/usb_otg.c **** }
 395              		.loc 1 164 1 is_stmt 0 view .LVU124
 396 004a 02B0     		add	sp, sp, #8
 397              	.LCFI7:
 398              		.cfi_remember_state
 399              		.cfi_def_cfa_offset 8
 400              		@ sp needed
 401 004c 10BD     		pop	{r4, pc}
ARM GAS  /tmp/ccDEhYlm.s 			page 12


 402              	.L18:
 403              	.LCFI8:
 404              		.cfi_restore_state
 158:../Core/Src/usb_otg.c ****     }
 405              		.loc 1 158 7 is_stmt 1 view .LVU125
 406 004e FFF7FEFF 		bl	HAL_PWREx_DisableVddUSB
 407              	.LVL20:
 408              		.loc 1 164 1 is_stmt 0 view .LVU126
 409 0052 FAE7     		b	.L16
 410              	.L25:
 411              		.align	2
 412              	.L24:
 413 0054 00100240 		.word	1073876992
 414              		.cfi_endproc
 415              	.LFE726:
 417              		.global	hpcd_USB_OTG_FS
 418              		.section	.bss.hpcd_USB_OTG_FS,"aw",%nobits
 419              		.align	2
 420              		.set	.LANCHOR0,. + 0
 423              	hpcd_USB_OTG_FS:
 424 0000 00000000 		.space	1292
 424      00000000 
 424      00000000 
 424      00000000 
 424      00000000 
 425              		.text
 426              	.Letext0:
 427              		.file 2 "/usr/lib/gcc/arm-none-eabi/10.3.1/include/stdint.h"
 428              		.file 3 "../Drivers/CMSIS/Device/ST/STM32L4xx/Include/stm32l4a6xx.h"
 429              		.file 4 "../Drivers/CMSIS/Device/ST/STM32L4xx/Include/stm32l4xx.h"
 430              		.file 5 "../Drivers/STM32L4xx_HAL_Driver/Inc/stm32l4xx_hal_def.h"
 431              		.file 6 "../Drivers/STM32L4xx_HAL_Driver/Inc/stm32l4xx_hal_rcc_ex.h"
 432              		.file 7 "../Drivers/STM32L4xx_HAL_Driver/Inc/stm32l4xx_hal_gpio.h"
 433              		.file 8 "../Drivers/STM32L4xx_HAL_Driver/Inc/stm32l4xx_ll_usb.h"
 434              		.file 9 "../Drivers/STM32L4xx_HAL_Driver/Inc/stm32l4xx_hal_pcd.h"
 435              		.file 10 "../Drivers/STM32L4xx_HAL_Driver/Inc/stm32l4xx_ll_dma.h"
 436              		.file 11 "../Drivers/STM32L4xx_HAL_Driver/Inc/stm32l4xx_hal_pwr_ex.h"
 437              		.file 12 "../Core/Inc/main.h"
 438              		.file 13 "../Core/Inc/usb_otg.h"
 439              		.file 14 "<built-in>"
ARM GAS  /tmp/ccDEhYlm.s 			page 13


DEFINED SYMBOLS
                            *ABS*:0000000000000000 usb_otg.c
     /tmp/ccDEhYlm.s:18     .text.MX_USB_OTG_FS_PCD_Init:0000000000000000 $t
     /tmp/ccDEhYlm.s:26     .text.MX_USB_OTG_FS_PCD_Init:0000000000000000 MX_USB_OTG_FS_PCD_Init
     /tmp/ccDEhYlm.s:92     .text.MX_USB_OTG_FS_PCD_Init:0000000000000034 $d
     /tmp/ccDEhYlm.s:97     .text.HAL_PCD_MspInit:0000000000000000 $t
     /tmp/ccDEhYlm.s:104    .text.HAL_PCD_MspInit:0000000000000000 HAL_PCD_MspInit
     /tmp/ccDEhYlm.s:317    .text.HAL_PCD_MspInit:00000000000000e4 $d
     /tmp/ccDEhYlm.s:322    .text.HAL_PCD_MspDeInit:0000000000000000 $t
     /tmp/ccDEhYlm.s:329    .text.HAL_PCD_MspDeInit:0000000000000000 HAL_PCD_MspDeInit
     /tmp/ccDEhYlm.s:413    .text.HAL_PCD_MspDeInit:0000000000000054 $d
     /tmp/ccDEhYlm.s:423    .bss.hpcd_USB_OTG_FS:0000000000000000 hpcd_USB_OTG_FS
     /tmp/ccDEhYlm.s:419    .bss.hpcd_USB_OTG_FS:0000000000000000 $d

UNDEFINED SYMBOLS
HAL_PCD_Init
Error_Handler
memset
HAL_RCCEx_PeriphCLKConfig
HAL_GPIO_Init
HAL_PWREx_EnableVddUSB
HAL_GPIO_DeInit
HAL_PWREx_DisableVddUSB
